<?xml version="1.0" encoding="UTF-8"?>
<!-- Generated by org.testng.reporters.JUnitReportReporter -->
<testsuite hostname="Gyaneshs-MacBook-Pro.local" failures="0" tests="1" name="testNG.GridTest" time="13.764" errors="0" timestamp="2025-08-30T17:27:24 IST" skipped="0">
  <testcase classname="testNG.GridTest" name="testOnGrid" time="13.764"/>
</testsuite> <!-- testNG.GridTest -->
