<?xml version="1.0" encoding="UTF-8"?>
<!-- Generated by org.testng.reporters.JUnitReportReporter -->
<testsuite hostname="Gyaneshs-MacBook-Pro.local" failures="0" tests="1" name="testNG.SampleTest" time="0.040" errors="0" timestamp="2025-08-30T15:36:03 IST" skipped="0">
  <testcase classname="testNG.SampleTest" name="loginTest" time="0.040"/>
</testsuite> <!-- testNG.SampleTest -->
