<?xml version="1.0" encoding="UTF-8"?>
<!-- Generated by org.testng.reporters.JUnitReportReporter -->
<testsuite hostname="Gyaneshs-MacBook-Pro.local" failures="0" tests="5" name="testNG.TestData" time="45.967" errors="0" timestamp="2025-08-27T19:40:53 IST" skipped="0">
  <testcase classname="testNG.TestData" name="read" time="9.954"/>
  <testcase classname="testNG.TestData" name="read" time="5.704"/>
  <testcase classname="testNG.TestData" name="read" time="13.739"/>
  <testcase classname="testNG.TestData" name="read" time="6.073"/>
  <testcase classname="testNG.TestData" name="read" time="10.497"/>
</testsuite> <!-- testNG.TestData -->
