<?xml version="1.0" encoding="UTF-8"?>
<!-- Generated by org.testng.reporters.JUnitReportReporter -->
<testsuite hostname="Gyaneshs-MacBook-Pro.local" failures="0" tests="2" name="testNG.GroupsConcept" time="5.819" errors="0" timestamp="2025-08-29T11:21:13 IST" skipped="0">
  <testcase classname="testNG.GroupsConcept" name="gmailLinkTest" time="2.547"/>
  <testcase classname="testNG.GroupsConcept" name="imageLinkTest" time="3.272"/>
</testsuite> <!-- testNG.GroupsConcept -->
