<?xml version="1.0" encoding="UTF-8"?>
<!-- Generated by org.testng.reporters.JUnitReportReporter -->
<testsuite hostname="Gyaneshs-MacBook-Pro.local" failures="0" tests="2" name="testNG.Depends" time="6.924" errors="0" timestamp="2025-08-27T16:28:08 IST" skipped="0">
  <testcase classname="testNG.Depends" name="logoutTest" time="2.985"/>
  <testcase classname="testNG.Depends" name="loginTest" time="3.939"/>
</testsuite> <!-- testNG.Depends -->
