<?xml version="1.0" encoding="UTF-8"?>
<!-- Generated by org.testng.reporters.JUnitReportReporter -->
<testsuite hostname="Gyaneshs-MacBook-Pro.local" failures="0" tests="2" name="testNG.Demo1" time="4.552" errors="0" timestamp="2025-08-28T11:19:15 IST" skipped="0">
  <testcase classname="testNG.Demo1" name="titleTest" time="2.111">
    <system-out>
      <![CDATA[Google]]>
    </system-out>
  </testcase> <!-- titleTest -->
  <testcase classname="testNG.Demo1" name="gmailLink" time="2.441">
    <system-out>
      <![CDATA[gmail link]]>
    </system-out>
  </testcase> <!-- gmailLink -->
  <system-out>
    <![CDATA[quiting browser
opening chrome browser
opening google.com
gmail link
quiting browser
opening chrome browser
opening google.com
Google
quiting browser]]>
  </system-out>
</testsuite> <!-- testNG.Demo1 -->
