<?xml version="1.0" encoding="UTF-8"?>
<!-- Generated by org.testng.reporters.JUnitReportReporter -->
<testsuite hostname="Gyaneshs-MacBook-Pro.local" failures="0" tests="1" name="testNG.AllureTest" time="3.162" errors="0" timestamp="2025-09-03T10:37:08 IST" skipped="0">
  <testcase classname="testNG.AllureTest" name="titleTest" time="3.162"/>
</testsuite> <!-- testNG.AllureTest -->
