<?xml version="1.0" encoding="UTF-8"?>
<!-- Generated by org.testng.reporters.JUnitReportReporter -->
<testsuite hostname="Gyaneshs-MacBook-Pro.local" failures="0" tests="3" name="testNG.Parameter" time="26.101" errors="0" timestamp="2025-08-28T17:05:31 IST" skipped="0">
  <testcase classname="testNG.Parameter" name="titleTest" time="7.473"/>
  <testcase classname="testNG.Parameter" name="titleTest" time="4.409"/>
  <testcase classname="testNG.Parameter" name="titleTest" time="14.219"/>
  <system-out>
    <![CDATA[quiting browser
quiting browser
quiting browser]]>
  </system-out>
</testsuite> <!-- testNG.Parameter -->
