<?xml version="1.0" encoding="UTF-8"?>
<!-- Generated by org.testng.reporters.JUnitReportReporter -->
<testsuite hostname="Gyaneshs-MacBook-Pro.local" failures="0" tests="1" name="testNG.Chain" time="11.870" errors="0" timestamp="2025-09-10T12:10:09 IST" skipped="0">
  <testcase classname="testNG.Chain" name="testGoogleSearch" time="11.870"/>
</testsuite> <!-- testNG.Chain -->
