<?xml version="1.0" encoding="UTF-8"?>
<!-- Generated by org.testng.reporters.JUnitReportReporter -->
<testsuite hostname="Gyaneshs-MacBook-Pro.local" failures="0" tests="1" name="testNG.TestListen" time="3.841" errors="0" timestamp="2025-08-29T13:51:21 IST" skipped="0">
  <testcase classname="testNG.TestListen" name="titleTest" time="3.841"/>
</testsuite> <!-- testNG.TestListen -->
