<?xml version="1.0" encoding="UTF-8"?>
<!-- Generated by org.testng.reporters.JUnitReportReporter -->
<testsuite hostname="Gyaneshs-MacBook-Pro.local" failures="0" tests="2" name="testNG.Test" time="20.733" errors="0" timestamp="2025-09-22T12:57:26 IST" skipped="0">
  <testcase classname="testNG.Test" name="test" time="9.818"/>
  <testcase classname="testNG.Test" name="test" time="10.915"/>
</testsuite> <!-- testNG.Test -->
