<?xml version="1.0" encoding="UTF-8"?>
<!-- Generated by org.testng.reporters.JUnitReportReporter -->
<testsuite hostname="Gyaneshs-MacBook-Pro.local" failures="0" tests="1" name="testNG.GetDriver" time="2.874" errors="0" timestamp="2025-09-04T13:17:42 IST" skipped="0">
  <testcase classname="testNG.GetDriver" name="openApp" time="2.874"/>
</testsuite> <!-- testNG.GetDriver -->
