<?xml version="1.0" encoding="UTF-8"?>
<!-- Generated by org.testng.reporters.JUnitReportReporter -->
<testsuite hostname="Gyaneshs-MacBook-Pro.local" failures="0" tests="1" name="testNG.GridTest" time="24.412" errors="0" timestamp="2025-09-02T11:04:54 IST" skipped="0">
  <testcase classname="testNG.GridTest" name="testOnGrid" time="24.412"/>
</testsuite> <!-- testNG.GridTest -->
