<?xml version="1.0" encoding="UTF-8"?>
<!-- Generated by org.testng.reporters.JUnitReportReporter -->
<testsuite hostname="Gyaneshs-MacBook-Pro.local" failures="0" tests="1" name="testNG.GroupConcept" time="10.595" errors="0" timestamp="2025-08-29T10:25:47 IST" skipped="0">
  <testcase classname="testNG.GroupConcept" name="titleTest" time="10.595">
    <system-out>
      <![CDATA[running regression test]]>
    </system-out>
  </testcase> <!-- titleTest -->
  <system-out>
    <![CDATA[opening chrome browser
opening google.com
running regression test
quiting browser]]>
  </system-out>
</testsuite> <!-- testNG.GroupConcept -->
