<?xml version="1.0" encoding="UTF-8"?>
<!-- Generated by org.testng.reporters.JUnitReportReporter -->
<testsuite hostname="Gyaneshs-MacBook-Pro.local" failures="0" tests="2" name="testNG.DemoTest" time="4.970" errors="0" timestamp="2025-09-02T11:30:39 IST" skipped="0">
  <testcase classname="testNG.DemoTest" name="titleTest" time="2.117"/>
  <testcase classname="testNG.DemoTest" name="urlTest" time="2.853"/>
</testsuite> <!-- testNG.DemoTest -->
