<?xml version="1.0" encoding="UTF-8"?>
<!-- Generated by org.testng.reporters.JUnitReportReporter -->
<testsuite hostname="Gyaneshs-MacBook-Pro.local" failures="0" tests="4" name="testNG.DataProviderTest" time="53.735" errors="0" timestamp="2025-09-11T10:25:17 IST" skipped="0">
  <testcase classname="testNG.DataProviderTest" name="loginTest" time="14.221"/>
  <testcase classname="testNG.DataProviderTest" name="loginTest" time="12.780"/>
  <testcase classname="testNG.DataProviderTest" name="loginTest" time="9.626"/>
  <testcase classname="testNG.DataProviderTest" name="loginTest" time="17.108"/>
</testsuite> <!-- testNG.DataProviderTest -->
