<?xml version="1.0" encoding="UTF-8"?>
<!-- Generated by org.testng.reporters.JUnitReportReporter -->
<testsuite hostname="Gyaneshs-MacBook-Pro.local" failures="0" tests="4" name="testNG.DataProviderTest" time="34.408" errors="0" timestamp="2025-08-29T11:47:50 IST" skipped="0">
  <testcase classname="testNG.DataProviderTest" name="loginTest" time="11.616"/>
  <testcase classname="testNG.DataProviderTest" name="loginTest" time="5.880"/>
  <testcase classname="testNG.DataProviderTest" name="loginTest" time="8.732"/>
  <testcase classname="testNG.DataProviderTest" name="loginTest" time="8.180"/>
</testsuite> <!-- testNG.DataProviderTest -->
