<?xml version="1.0" encoding="UTF-8"?>
<!-- Generated by org.testng.reporters.JUnitReportReporter -->
<testsuite hostname="Gyaneshs-MacBook-Pro.local" failures="0" tests="3" name="testNG.Parameter" time="20.117" errors="0" timestamp="2025-09-10T12:17:16 IST" skipped="0">
  <testcase classname="testNG.Parameter" name="titleTest" time="3.467"/>
  <testcase classname="testNG.Parameter" name="titleTest" time="11.709"/>
  <testcase classname="testNG.Parameter" name="titleTest" time="4.941"/>
  <system-out>
    <![CDATA[url is...http://google.com
quiting browser
url is...http://google.com
quiting browser
url is...http://google.com
quiting browser]]>
  </system-out>
</testsuite> <!-- testNG.Parameter -->
